This is XeTeX, Version 3.1415926-2.2-0.9995.2 (TeX Live 2009/Debian) (format=xelatex 2013.5.13)  16 FEB 2014 15:54
entering extended mode
 file:line:error style messages enabled.
 %&-line parsing enabled.
**/home/fred/travail/ecriture_sphinx/perso/source/rapport_stage/main.tex
(/home/fred/travail/ecriture_sphinx/perso/source/rapport_stage/main.tex
LaTeX2e <2009/09/24>
Babel <v3.8l> and hyphenation patterns for english, usenglishmax, dumylang, noh
yphenation, french, basque, loaded.
(/usr/share/texmf-texlive/tex/latex/base/report.cls
Document Class: report 2007/10/19 v1.4h Standard LaTeX document class
(/usr/share/texmf-texlive/tex/latex/base/size10.clo
File: size10.clo 2007/10/19 v1.4h Standard LaTeX file (size option)
)
\c@part=\count80
\c@chapter=\count81
\c@section=\count82
\c@subsection=\count83
\c@subsubsection=\count84
\c@paragraph=\count85
\c@subparagraph=\count86
\c@figure=\count87
\c@table=\count88
\abovecaptionskip=\skip41
\belowcaptionskip=\skip42
\bibindent=\dimen102
) (/usr/share/texmf-texlive/tex/latex/amsfonts/amssymb.sty
Package: amssymb 2009/06/22 v3.00
(/usr/share/texmf-texlive/tex/latex/amsfonts/amsfonts.sty
Package: amsfonts 2009/06/22 v3.00 Basic AMSFonts support
\@emptytoks=\toks14
\symAMSa=\mathgroup4
\symAMSb=\mathgroup5
LaTeX Font Info:    Overwriting math alphabet `\mathfrak' in version `bold'
(Font)                  U/euf/m/n --> U/euf/b/n on input line 96.
)) (/usr/share/texmf-texlive/tex/latex/amsmath/amsmath.sty
Package: amsmath 2000/07/18 v2.13 AMS math features
\@mathmargin=\skip43
For additional information on amsmath, use the `?' option.
(/usr/share/texmf-texlive/tex/latex/amsmath/amstext.sty
Package: amstext 2000/06/29 v2.01
(/usr/share/texmf-texlive/tex/latex/amsmath/amsgen.sty
File: amsgen.sty 1999/11/30 v2.0
\@emptytoks=\toks15
\ex@=\dimen103
)) (/usr/share/texmf-texlive/tex/latex/amsmath/amsbsy.sty
Package: amsbsy 1999/11/29 v1.2d
\pmbraise@=\dimen104
) (/usr/share/texmf-texlive/tex/latex/amsmath/amsopn.sty
Package: amsopn 1999/12/14 v2.01 operator names
)
\inf@bad=\count89
LaTeX Info: Redefining \frac on input line 211.
\uproot@=\count90
\leftroot@=\count91
LaTeX Info: Redefining \overline on input line 307.
\classnum@=\count92
\DOTSCASE@=\count93
LaTeX Info: Redefining \ldots on input line 379.
LaTeX Info: Redefining \dots on input line 382.
LaTeX Info: Redefining \cdots on input line 467.
\Mathstrutbox@=\box26
\strutbox@=\box27
\big@size=\dimen105
LaTeX Font Info:    Redeclaring font encoding OML on input line 567.
LaTeX Font Info:    Redeclaring font encoding OMS on input line 568.
\macc@depth=\count94
\c@MaxMatrixCols=\count95
\dotsspace@=\muskip10
\c@parentequation=\count96
\dspbrk@lvl=\count97
\tag@help=\toks16
\row@=\count98
\column@=\count99
\maxfields@=\count100
\andhelp@=\toks17
\eqnshift@=\dimen106
\alignsep@=\dimen107
\tagshift@=\dimen108
\tagwidth@=\dimen109
\totwidth@=\dimen110
\lineht@=\dimen111
\@envbody=\toks18
\multlinegap=\skip44
\multlinetaggap=\skip45
\mathdisplay@stack=\toks19
LaTeX Info: Redefining \[ on input line 2666.
LaTeX Info: Redefining \] on input line 2667.
) (/usr/share/texmf-texlive/tex/latex/mh/mathtools.sty
Package: mathtools 2008/08/01 v1.06 mathematical typesetting tools (MH)
(/usr/share/texmf-texlive/tex/latex/graphics/keyval.sty
Package: keyval 1999/03/16 v1.13 key=value parser (DPC)
\KV@toks@=\toks20
) (/usr/share/texmf-texlive/tex/latex/tools/calc.sty
Package: calc 2007/08/22 v4.3 Infix arithmetic (KKT,FJ)
\calc@Acount=\count101
\calc@Bcount=\count102
\calc@Adimen=\dimen112
\calc@Bdimen=\dimen113
\calc@Askip=\skip46
\calc@Bskip=\skip47
LaTeX Info: Redefining \setlength on input line 76.
LaTeX Info: Redefining \addtolength on input line 77.
\calc@Ccount=\count103
\calc@Cskip=\skip48
) (/usr/share/texmf-texlive/tex/latex/mh/mhsetup.sty
Package: mhsetup 2007/12/03 v1.2 programming setup (MH)
)
\g_MT_multlinerow_int=\count104
\l_MT_multwidth_dim=\dimen114
) (/usr/share/texmf-texlive/tex/xelatex/fontspec/fontspec.sty
Package: fontspec 2008/08/09 v1.18 Advanced font selection for XeLaTeX
(/usr/share/texmf-texlive/tex/generic/ifxetex/ifxetex.sty
Package: ifxetex 2009/01/23 v0.5 Provides ifxetex conditional
)
\c@zf@newff=\count105
\c@zf@index=\count106
\c@zf@script=\count107
\c@zf@language=\count108
(/usr/share/texmf-texlive/tex/latex/xkeyval/xkeyval.sty
Package: xkeyval 2008/08/13 v2.6a package option processing (HA)
(/usr/share/texmf-texlive/tex/generic/xkeyval/xkeyval.tex
\XKV@toks=\toks21
\XKV@tempa@toks=\toks22
\XKV@depth=\count109
File: xkeyval.tex 2008/08/13 v2.6a key=value parser (HA)
)) (/usr/share/texmf-texlive/tex/latex/base/fontenc.sty
Package: fontenc 2005/09/27 v1.99g Standard LaTeX package
(/usr/share/texmf-texlive/tex/xelatex/euenc/eu1enc.def
File: eu1enc.def 2008/03/08 v0.1d Experimental unicode font encoding
)
LaTeX Font Info:    Try loading font information for EU1+lmr on input line 100.

(/usr/share/texmf-texlive/tex/xelatex/euenc/eu1lmr.fd
File: eu1lmr.fd 2007/01/14 v1.3 Font defs for Latin Modern
))
LaTeX Info: Redefining \itshape on input line 1163.
LaTeX Info: Redefining \slshape on input line 1166.
LaTeX Info: Redefining \scshape on input line 1169.
LaTeX Info: Redefining \upshape on input line 1172.
fontspec.cfg loaded.
(/usr/share/texmf-texlive/tex/xelatex/fontspec/fontspec.cfg)) (/usr/share/texmf
-texlive/tex/xelatex/xunicode/xunicode.sty
File: xunicode.sty 2008/02/08 v0.91 provides access to latin accents and many o
ther characters in Unicode lower plane
) (/usr/share/texmf-texlive/tex/latex/fp/fp.sty
Package: fp 1995/04/02
`Fixed Point Package', Version 0.8, April 2, 1995 (C) Michael Mehlich (/usr/sha
re/texmf-texlive/tex/latex/fp/defpattern.sty
Package: defpattern 1994/10/12
\actioncount=\count110
) (/usr/share/texmf-texlive/tex/latex/fp/fp-basic.sty
Package: fp-basic 1996/05/13
\FP@xs=\count111
\FP@xia=\count112
\FP@xib=\count113
\FP@xfa=\count114
\FP@xfb=\count115
\FP@rega=\count116
\FP@regb=\count117
\FP@regs=\count118
\FP@times=\count119
) (/usr/share/texmf-texlive/tex/latex/fp/fp-addons.sty
Package: fp-addons 1995/03/15
) (/usr/share/texmf-texlive/tex/latex/fp/fp-snap.sty
Package: fp-snap 1995/04/05
) (/usr/share/texmf-texlive/tex/latex/fp/fp-exp.sty
Package: fp-exp 1995/04/03
) (/usr/share/texmf-texlive/tex/latex/fp/fp-trigo.sty
Package: fp-trigo 1995/04/14
) (/usr/share/texmf-texlive/tex/latex/fp/fp-pas.sty
Package: fp-pas 1994/08/29
) (/usr/share/texmf-texlive/tex/latex/fp/fp-random.sty
Package: fp-random 1995/02/23
\FPseed=\count120
) (/usr/share/texmf-texlive/tex/latex/fp/fp-eqn.sty
Package: fp-eqn 1995/04/03
) (/usr/share/texmf-texlive/tex/latex/fp/fp-upn.sty
Package: fp-upn 1996/10/21
) (/usr/share/texmf-texlive/tex/latex/fp/fp-eval.sty
Package: fp-eval 1995/04/03
)) (/usr/share/texmf-texlive/tex/latex/base/ifthen.sty
Package: ifthen 2001/05/26 v1.1c Standard LaTeX ifthen package (DPC)
) (/usr/share/texmf-texlive/tex/latex/xstring/xstring.sty (/usr/share/texmf-tex
live/tex/generic/xstring/xstring.tex
\@xs@message=\write3
\integerpart=\count121
\decimalpart=\count122
)
Package: xstring 2009/06/05 v1.5c String manipulations (C Tellechea)
) (/usr/share/texmf-texlive/tex/latex/geometry/geometry.sty
Package: geometry 2008/12/21 v4.2 Page Geometry
(/usr/share/texmf-texlive/tex/generic/oberdiek/ifpdf.sty
Package: ifpdf 2009/04/10 v2.0 Provides the ifpdf switch (HO)
Package ifpdf Info: pdfTeX in pdf mode not detected.
) (/usr/share/texmf-texlive/tex/generic/oberdiek/ifvtex.sty
Package: ifvtex 2008/11/04 v1.4 Switches for detecting VTeX and its modes (HO)
Package ifvtex Info: VTeX not detected.
)
\Gm@cnth=\count123
\Gm@cntv=\count124
\c@Gm@tempcnt=\count125
\Gm@bindingoffset=\dimen115
\Gm@wd@mp=\dimen116
\Gm@odd@mp=\dimen117
\Gm@even@mp=\dimen118
\Gm@dimlist=\toks23
(/usr/share/texmf-texlive/tex/xelatex/xetexconfig/geometry.cfg)) (/usr/share/te
xmf-texlive/tex/latex/fancyhdr/fancyhdr.sty
\fancy@headwidth=\skip49
\f@ncyO@elh=\skip50
\f@ncyO@erh=\skip51
\f@ncyO@olh=\skip52
\f@ncyO@orh=\skip53
\f@ncyO@elf=\skip54
\f@ncyO@erf=\skip55
\f@ncyO@olf=\skip56
\f@ncyO@orf=\skip57
) (/usr/share/texmf-texlive/tex/generic/babel/babel.sty
Package: babel 2008/07/06 v3.8l The Babel package
(/usr/share/texmf-texlive/tex/generic/babel/frenchb.ldf
Language: frenchb 2009/03/16 v2.3d French support from the babel system
(/usr/share/texmf-texlive/tex/generic/babel/babel.def
File: babel.def 2008/07/06 v3.8l Babel common definitions
\babel@savecnt=\count126
\U@D=\dimen119
)
Package babel Info: Making : an active character on input line 120.
Package babel Info: Making ; an active character on input line 121.
Package babel Info: Making ! an active character on input line 122.
Package babel Info: Making ? an active character on input line 123.
\FB@Mht=\dimen120
\std@mcc=\count127
\dec@mcc=\count128
\parindentFFN=\dimen121
*************************************
* Local config file frenchb.cfg used
*
(/usr/share/texmf-texlive/tex/generic/babel/frenchb.cfg))) (/usr/share/texmf-te
xlive/tex/latex/carlisle/scalefnt.sty) (/usr/share/texmf-texlive/tex/latex/date
time/datetime.sty
Package: datetime 2007/08/20 v2.55 Date Time Package
(/usr/share/texmf-texlive/tex/latex/fmtcount/fmtcount.sty
Package: fmtcount 2009/10/02 v1.31
\c@padzeroesN=\count129
(/usr/share/texmf-texlive/tex/latex/fmtcount/fc-english.def
File: fc-english 2007/05/26
) (/usr/share/texmf-texlive/tex/latex/fmtcount/fc-USenglish.def
File: fc-USenglish 2007/06/14
) (/usr/share/texmf-texlive/tex/latex/fmtcount/fc-french.def
File: fc-french.def 2007/05/26
)
No configuration file fmtcount.cfg found.
\@DT@modctr=\count130
\@ordinalctr=\count131
\@orgargctr=\count132
\@strctr=\count133
\@tmpstrctr=\count134
\@DT@loopN=\count135
\@DT@X=\count136
)
\@day=\count137
\@month=\count138
\@year=\count139
Package datetime Info: No datetime.cfg file found, using default settings on in
put line 167.
(/usr/share/texmf-texlive/tex/latex/datetime/dt-french.def
File: dt-french.def 2004/10/31
LaTeX Info: Redefining \datefrench on input line 83.
)
\@dtctr=\count140
\dayofyear=\count141
\dayofweek=\count142
LaTeX Info: Redefining \today on input line 428.
(/usr/share/texmf-texlive/tex/latex/datetime/dt-french.def
File: dt-french.def 2004/10/31
LaTeX Info: Redefining \datefrench on input line 83.
)
\c@HOUR=\count143
\c@HOURXII=\count144
\c@MINUTE=\count145
\c@TOHOUR=\count146
\c@TOMINUTE=\count147
\dt@a=\toks24
\dt@b=\toks25
) (/usr/share/texmf-texlive/tex/latex/graphics/graphicx.sty
Package: graphicx 1999/02/16 v1.0f Enhanced LaTeX Graphics (DPC,SPQR)
(/usr/share/texmf-texlive/tex/latex/graphics/graphics.sty
Package: graphics 2009/02/05 v1.0o Standard LaTeX Graphics (DPC,SPQR)
(/usr/share/texmf-texlive/tex/latex/graphics/trig.sty
Package: trig 1999/03/16 v1.09 sin cos tan (DPC)
) (/etc/texmf/tex/latex/config/graphics.cfg
File: graphics.cfg 2009/08/28 v1.8 graphics configuration of TeX Live
)
Package graphics Info: Driver file: xetex.def on input line 91.
(/usr/share/texmf-texlive/tex/xelatex/xetex-def/xetex.def
File: xetex.def 2009/11/22 v0.94 LaTeX color/graphics driver for XeTeX (RRM/JK)

))
\Gin@req@height=\dimen122
\Gin@req@width=\dimen123
) (/usr/share/texmf-texlive/tex/latex/caption/caption.sty
Package: caption 2009/10/09 v3.1k Customizing captions (AR)
(/usr/share/texmf-texlive/tex/latex/caption/caption3.sty
Package: caption3 2009/10/09 v3.1k caption3 kernel (AR)
\captionmargin=\dimen124
\captionmargin@=\dimen125
\captionwidth=\dimen126
\caption@indent=\dimen127
\caption@parindent=\dimen128
\caption@hangindent=\dimen129
)
\c@ContinuedFloat=\count148
) (/usr/share/texmf-texlive/tex/latex/caption/subcaption.sty
Package: subcaption 2008/08/31 v1.0b Adding subcaptions (AR)
\c@subfigure=\count149
\c@subtable=\count150
) (/usr/share/texmf-texlive/tex/latex/wrapfig/wrapfig.sty
\wrapoverhang=\dimen130
\WF@size=\dimen131
\c@WF@wrappedlines=\count151
\WF@box=\box28
\WF@everypar=\toks26
Package: wrapfig 2003/01/31  v 3.6
) (/usr/share/texmf-texlive/tex/latex/float/float.sty
Package: float 2001/11/08 v1.3d Float enhancements (AL)
\c@float@type=\count152
\float@exts=\toks27
\float@box=\box29
\@float@everytoks=\toks28
\@floatcapt=\box30
) (./chapters/entete_pied_page.tex

Package Fancyhdr Warning: \fancyhead's `E' option without twoside option is use
less on input line 5.


Package Fancyhdr Warning: \fancyfoot's `E' option without twoside option is use
less on input line 7.


Package Fancyhdr Warning: \fancyfoot's `E' option without twoside option is use
less on input line 8.


Package Fancyhdr Warning: \fancyfoot's `E' option without twoside option is use
less on input line 9.

) (./macros/includegraphics.tex) (./main.aux

LaTeX Warning: Label `essai_a' multiply defined.


LaTeX Warning: Label `sub@essai_a' multiply defined.


LaTeX Warning: Label `essai_4' multiply defined.


LaTeX Warning: Label `sub@essai_4' multiply defined.


LaTeX Warning: Label `essai_5' multiply defined.


LaTeX Warning: Label `sub@essai_5' multiply defined.


LaTeX Warning: Label `essai_6' multiply defined.


LaTeX Warning: Label `sub@essai_6' multiply defined.


LaTeX Warning: Label `essai_a' multiply defined.


LaTeX Warning: Label `sub@essai_a' multiply defined.


LaTeX Warning: Label `essai_2' multiply defined.


LaTeX Warning: Label `sub@essai_2' multiply defined.


LaTeX Warning: Label `essai_3' multiply defined.


LaTeX Warning: Label `sub@essai_3' multiply defined.

)
\openout1 = `main.aux'.

LaTeX Font Info:    Checking defaults for OML/cmm/m/it on input line 40.
LaTeX Font Info:    ... okay on input line 40.
LaTeX Font Info:    Checking defaults for T1/cmr/m/n on input line 40.
LaTeX Font Info:    ... okay on input line 40.
LaTeX Font Info:    Checking defaults for OT1/cmr/m/n on input line 40.
LaTeX Font Info:    ... okay on input line 40.
LaTeX Font Info:    Checking defaults for OMS/cmsy/m/n on input line 40.
LaTeX Font Info:    ... okay on input line 40.
LaTeX Font Info:    Checking defaults for OMX/cmex/m/n on input line 40.
LaTeX Font Info:    ... okay on input line 40.
LaTeX Font Info:    Checking defaults for U/cmr/m/n on input line 40.
LaTeX Font Info:    ... okay on input line 40.
LaTeX Font Info:    Checking defaults for EU1/lmr/m/n on input line 40.
LaTeX Font Info:    ... okay on input line 40.
Package fontspec Info: Adjusting the maths setup (use [no-math] to avoid this).
 on input line 40.
\symlegacymaths=\mathgroup6
LaTeX Font Info:    Overwriting symbol font `legacymaths' in version `bold'
(Font)                  OT1/cmr/m/n --> OT1/cmr/bx/n on input line 40.
LaTeX Font Info:    Redeclaring math accent \acute on input line 40.
LaTeX Font Info:    Redeclaring math accent \grave on input line 40.
LaTeX Font Info:    Redeclaring math accent \ddot on input line 40.
LaTeX Font Info:    Redeclaring math accent \tilde on input line 40.
LaTeX Font Info:    Redeclaring math accent \bar on input line 40.
LaTeX Font Info:    Redeclaring math accent \breve on input line 40.
LaTeX Font Info:    Redeclaring math accent \check on input line 40.
LaTeX Font Info:    Redeclaring math accent \hat on input line 40.
LaTeX Font Info:    Redeclaring math accent \dot on input line 40.
LaTeX Font Info:    Redeclaring math accent \mathring on input line 40.
LaTeX Font Info:    Redeclaring math symbol \Gamma on input line 40.
LaTeX Font Info:    Redeclaring math symbol \Delta on input line 40.
LaTeX Font Info:    Redeclaring math symbol \Theta on input line 40.
LaTeX Font Info:    Redeclaring math symbol \Lambda on input line 40.
LaTeX Font Info:    Redeclaring math symbol \Xi on input line 40.
LaTeX Font Info:    Redeclaring math symbol \Pi on input line 40.
LaTeX Font Info:    Redeclaring math symbol \Sigma on input line 40.
LaTeX Font Info:    Redeclaring math symbol \Upsilon on input line 40.
LaTeX Font Info:    Redeclaring math symbol \Phi on input line 40.
LaTeX Font Info:    Redeclaring math symbol \Psi on input line 40.
LaTeX Font Info:    Redeclaring math symbol \Omega on input line 40.
LaTeX Font Info:    Redeclaring math symbol \mathdollar on input line 40.
LaTeX Font Info:    Redeclaring symbol font `operators' on input line 40.
LaTeX Font Info:    Encoding `OT1' has changed to `EU1' for symbol font
(Font)              `operators' in the math version `normal' on input line 40.
LaTeX Font Info:    Overwriting symbol font `operators' in version `normal'
(Font)                  OT1/cmr/m/n --> EU1/lmr/m/n on input line 40.
LaTeX Font Info:    Encoding `OT1' has changed to `EU1' for symbol font
(Font)              `operators' in the math version `bold' on input line 40.
LaTeX Font Info:    Overwriting symbol font `operators' in version `bold'
(Font)                  OT1/cmr/bx/n --> EU1/lmr/m/n on input line 40.
LaTeX Font Info:    Overwriting symbol font `operators' in version `normal'
(Font)                  EU1/lmr/m/n --> EU1/lmr/m/n on input line 40.
LaTeX Font Info:    Overwriting math alphabet `\mathrm' in version `normal'
(Font)                  EU1/lmr/m/n --> EU1/lmr/m/n on input line 40.
LaTeX Font Info:    Overwriting math alphabet `\mathit' in version `normal'
(Font)                  OT1/cmr/m/it --> EU1/lmr/m/it on input line 40.
LaTeX Font Info:    Overwriting math alphabet `\mathbf' in version `normal'
(Font)                  OT1/cmr/bx/n --> EU1/lmr/bx/n on input line 40.
LaTeX Font Info:    Overwriting math alphabet `\mathsf' in version `normal'
(Font)                  OT1/cmss/m/n --> EU1/lmss/m/n on input line 40.
LaTeX Font Info:    Overwriting math alphabet `\mathtt' in version `normal'
(Font)                  OT1/cmtt/m/n --> EU1/lmtt/m/n on input line 40.
LaTeX Font Info:    Overwriting symbol font `operators' in version `bold'
(Font)                  EU1/lmr/m/n --> EU1/lmr/bx/n on input line 40.
LaTeX Font Info:    Overwriting math alphabet `\mathrm' in version `bold'
(Font)                  EU1/lmr/m/n --> EU1/lmr/bx/n on input line 40.
LaTeX Font Info:    Overwriting math alphabet `\mathit' in version `bold'
(Font)                  OT1/cmr/bx/it --> EU1/lmr/bx/it on input line 40.
LaTeX Font Info:    Overwriting math alphabet `\mathsf' in version `bold'
(Font)                  OT1/cmss/bx/n --> EU1/lmss/bx/n on input line 40.
LaTeX Font Info:    Overwriting math alphabet `\mathtt' in version `bold'
(Font)                  OT1/cmtt/m/n --> EU1/lmtt/bx/n on input line 40.
*geometry detected driver: pdftex*
-------------------- Geometry parameters
paper: a4paper
landscape: --
twocolumn: --
twoside: --
asymmetric: --
h-parts: 89.62709pt, 0.7\paperwidth , 89.6271pt (default)
v-parts: 101.40665pt, 0.7\paperheight , 152.11pt (default)
hmarginratio: 1:1
vmarginratio: 2:3
lines: --
heightrounded: --
bindingoffset: 0.0pt
truedimen: --
includehead: --
includefoot: --
includemp: --
driver: pdftex
-------------------- Page layout dimensions and switches
\paperwidth  597.50787pt
\paperheight 845.04684pt
\textwidth  418.25368pt
\textheight 591.5302pt
\oddsidemargin  17.3571pt
\evensidemargin 17.3571pt
\topmargin  -7.86334pt
\headheight 12.0pt
\headsep    25.0pt
\footskip   30.0pt
\marginparwidth 65.0pt
\marginparsep   11.0pt
\columnsep  10.0pt
\skip\footins  9.0pt plus 4.0pt minus 2.0pt
\hoffset 0.0pt
\voffset 0.0pt
\mag 1000

(1in=72.27pt, 1cm=28.45pt)
-----------------------
LaTeX Info: Redefining \degres on input line 40.
LaTeX Info: Redefining \dots on input line 40.
LaTeX Info: Redefining \up on input line 40.
Package caption Info: Begin \AtBeginDocument code.
Package caption Info: float package is loaded.
Package caption Info: wrapfig package is loaded.
Package caption Info: End \AtBeginDocument code.
(./chapters/front_title.tex
File: /home/fred/Images/rapport_stage/logo.png Graphic file (type QTm)
<use  "/home/fred/Images/rapport_stage/logo.png" > [1

]) (./main.toc
LaTeX Font Info:    Try loading font information for U+msa on input line 3.
(/usr/share/texmf-texlive/tex/latex/amsfonts/umsa.fd
File: umsa.fd 2009/06/22 v3.00 AMS symbols A
)
LaTeX Font Info:    Try loading font information for U+msb on input line 3.
(/usr/share/texmf-texlive/tex/latex/amsfonts/umsb.fd
File: umsb.fd 2009/06/22 v3.00 AMS symbols B
))
\tf@toc=\write4
\openout4 = `main.toc'.

[1

]
Chapitre 1.
(./chapters/chapter01.tex
File: /home/fred/Images/rapport_stage/P1020712.JPG Graphic file (type QTm)
<use  "/home/fred/Images/rapport_stage/P1020712.JPG" > [2

]) [3]
Chapitre 2.
(./chapters/chapter02.tex [4

]) [5]
Chapitre 3.
(./chapters/chapter03.tex) [6

]
Chapitre 4.
(./chapters/chapter04.tex) [7

]
Annexe A.
(./chapters/appendix01.tex
File: /home/fred/Images/rapport_stage/P1020704.JPG Graphic file (type QTm)
<use  "/home/fred/Images/rapport_stage/P1020704.JPG" >

Package xetex.def Warning: No clipping support in XeTeX yet on input line 28.

File: /home/fred/Images/rapport_stage/P1020705.JPG Graphic file (type QTm)
<use  "/home/fred/Images/rapport_stage/P1020705.JPG" >

Package xetex.def Warning: No clipping support in XeTeX yet on input line 29.

File: /home/fred/Images/rapport_stage/P1020706.JPG Graphic file (type QTm)
<use  "/home/fred/Images/rapport_stage/P1020706.JPG" >

Package xetex.def Warning: No clipping support in XeTeX yet on input line 30.


LaTeX Warning: `!h' float specifier changed to `!ht'.

File: /home/fred/Images/rapport_stage/P1020707.JPG Graphic file (type QTm)
<use  "/home/fred/Images/rapport_stage/P1020707.JPG" >

Package xetex.def Warning: No clipping support in XeTeX yet on input line 31.


LaTeX Warning: `!h' float specifier changed to `!ht'.

File: /home/fred/Images/rapport_stage/P1020708.JPG Graphic file (type QTm)
<use  "/home/fred/Images/rapport_stage/P1020708.JPG" >

Package xetex.def Warning: No clipping support in XeTeX yet on input line 32.


LaTeX Warning: `!h' float specifier changed to `!ht'.

File: /home/fred/Images/rapport_stage/P1020709.JPG Graphic file (type QTm)
<use  "/home/fred/Images/rapport_stage/P1020709.JPG" >

Package xetex.def Warning: No clipping support in XeTeX yet on input line 33.


LaTeX Warning: `!h' float specifier changed to `!ht'.

File: /home/fred/Images/rapport_stage/P1020710.JPG Graphic file (type QTm)
<use  "/home/fred/Images/rapport_stage/P1020710.JPG" >

Package xetex.def Warning: No clipping support in XeTeX yet on input line 34.


LaTeX Warning: `!h' float specifier changed to `!ht'.

File: /home/fred/Images/rapport_stage/P1020711.JPG Graphic file (type QTm)
<use  "/home/fred/Images/rapport_stage/P1020711.JPG" >

Package xetex.def Warning: No clipping support in XeTeX yet on input line 35.


LaTeX Warning: `!h' float specifier changed to `!ht'.

) [8

] [9] [10]
Annexe B.
(./chapters/appendix02.tex
File: /home/fred/Images/rapport_stage/test.jpg Graphic file (type QTm)
<use  "/home/fred/Images/rapport_stage/test.jpg" >

LaTeX Warning: `!h' float specifier changed to `!ht'.

File: /home/fred/Images/rapport_stage/test.jpg Graphic file (type QTm)
<use  "/home/fred/Images/rapport_stage/test.jpg" >

Package xetex.def Warning: No clipping support in XeTeX yet on input line 41.

File: /home/fred/Images/rapport_stage/test.jpg Graphic file (type QTm)
<use  "/home/fred/Images/rapport_stage/test.jpg" >

Package xetex.def Warning: No clipping support in XeTeX yet on input line 48.

File: /home/fred/Images/rapport_stage/test.jpg Graphic file (type QTm)
<use  "/home/fred/Images/rapport_stage/test.jpg" >

Package xetex.def Warning: No clipping support in XeTeX yet on input line 54.

File: /home/fred/Images/rapport_stage/test.jpg Graphic file (type QTm)
<use  "/home/fred/Images/rapport_stage/test.jpg" >

Package xetex.def Warning: No clipping support in XeTeX yet on input line 60.

File: /home/fred/Images/rapport_stage/test.jpg Graphic file (type QTm)
<use  "/home/fred/Images/rapport_stage/test.jpg" >

Package xetex.def Warning: No clipping support in XeTeX yet on input line 66.

File: /home/fred/Images/rapport_stage/test.jpg Graphic file (type QTm)
<use  "/home/fred/Images/rapport_stage/test.jpg" >

Package xetex.def Warning: No clipping support in XeTeX yet on input line 72.

File: /home/fred/Images/rapport_stage/test.jpg Graphic file (type QTm)
<use  "/home/fred/Images/rapport_stage/test.jpg" >

Package xetex.def Warning: No clipping support in XeTeX yet on input line 78.

File: /home/fred/Images/rapport_stage/test.jpg Graphic file (type QTm)
<use  "/home/fred/Images/rapport_stage/test.jpg" >

Package xetex.def Warning: No clipping support in XeTeX yet on input line 84.

File: /home/fred/Images/rapport_stage/test.jpg Graphic file (type QTm)
<use  "/home/fred/Images/rapport_stage/test.jpg" >

Package xetex.def Warning: No clipping support in XeTeX yet on input line 90.


LaTeX Warning: `h' float specifier changed to `ht'.

File: /home/fred/Images/rapport_stage/test.jpg Graphic file (type QTm)
<use  "/home/fred/Images/rapport_stage/test.jpg" >

Package xetex.def Warning: No clipping support in XeTeX yet on input line 104.

File: /home/fred/Images/rapport_stage/test.jpg Graphic file (type QTm)
<use  "/home/fred/Images/rapport_stage/test.jpg" >

Package xetex.def Warning: No clipping support in XeTeX yet on input line 110.

File: /home/fred/Images/rapport_stage/test.jpg Graphic file (type QTm)
<use  "/home/fred/Images/rapport_stage/test.jpg" >

Package xetex.def Warning: No clipping support in XeTeX yet on input line 116.


LaTeX Warning: `h' float specifier changed to `ht'.

File: /home/fred/Images/rapport_stage/test.jpg Graphic file (type QTm)
<use  "/home/fred/Images/rapport_stage/test.jpg" >

Package xetex.def Warning: No clipping support in XeTeX yet on input line 141.

File: /home/fred/Images/rapport_stage/test.jpg Graphic file (type QTm)
<use  "/home/fred/Images/rapport_stage/test.jpg" >

Package xetex.def Warning: No clipping support in XeTeX yet on input line 147.

File: /home/fred/Images/rapport_stage/test.jpg Graphic file (type QTm)
<use  "/home/fred/Images/rapport_stage/test.jpg" >

Package xetex.def Warning: No clipping support in XeTeX yet on input line 153.

File: /home/fred/Images/rapport_stage/test.jpg Graphic file (type QTm)
<use  "/home/fred/Images/rapport_stage/test.jpg" >

Package xetex.def Warning: No clipping support in XeTeX yet on input line 159.

File: /home/fred/Images/rapport_stage/test.jpg Graphic file (type QTm)
<use  "/home/fred/Images/rapport_stage/test.jpg" >

Package xetex.def Warning: No clipping support in XeTeX yet on input line 167.

File: /home/fred/Images/rapport_stage/test.jpg Graphic file (type QTm)
<use  "/home/fred/Images/rapport_stage/test.jpg" >

Package xetex.def Warning: No clipping support in XeTeX yet on input line 175.

File: /home/fred/Images/rapport_stage/test.jpg Graphic file (type QTm)
<use  "/home/fred/Images/rapport_stage/test.jpg" >

Package xetex.def Warning: No clipping support in XeTeX yet on input line 183.

File: /home/fred/Images/rapport_stage/test.jpg Graphic file (type QTm)
<use  "/home/fred/Images/rapport_stage/test.jpg" >

Package xetex.def Warning: No clipping support in XeTeX yet on input line 191.

File: /home/fred/Images/rapport_stage/test.jpg Graphic file (type QTm)
<use  "/home/fred/Images/rapport_stage/test.jpg" >

Package xetex.def Warning: No clipping support in XeTeX yet on input line 199.


LaTeX Warning: `h' float specifier changed to `ht'.

[11

]
File: /home/fred/Images/rapport_stage/test.jpg Graphic file (type QTm)
<use  "/home/fred/Images/rapport_stage/test.jpg" >

Package xetex.def Warning: No clipping support in XeTeX yet on input line 215.

File: /home/fred/Images/rapport_stage/test.jpg Graphic file (type QTm)
<use  "/home/fred/Images/rapport_stage/test.jpg" >

Package xetex.def Warning: No clipping support in XeTeX yet on input line 221.

File: /home/fred/Images/rapport_stage/test.jpg Graphic file (type QTm)
<use  "/home/fred/Images/rapport_stage/test.jpg" >

Package xetex.def Warning: No clipping support in XeTeX yet on input line 227.


LaTeX Warning: `h' float specifier changed to `ht'.


LaTeX Warning: `!h' float specifier changed to `!ht'.


LaTeX Warning: `!h' float specifier changed to `!ht'.


LaTeX Warning: Reference `mydessin1' on page 12 undefined on input line 256.


LaTeX Warning: Reference `mydessin1' on page 12 undefined on input line 256.


LaTeX Warning: Reference `mydessin2' on page 12 undefined on input line 258.


LaTeX Warning: Reference `mydessin2' on page 12 undefined on input line 258.

[12] [13] [14] (./main.lof)
\tf@lof=\write5
\openout5 = `main.lof'.

[15

] (./main.aux)

LaTeX Warning: There were undefined references.


LaTeX Warning: There were multiply-defined labels.

 ) ) 
Here is how much of TeX's memory you used:
 9938 strings out of 495701
 152397 string characters out of 1188543
 291374 words of memory out of 3000000
 12869 multiletter control sequences out of 15000+50000
 5459 words of font info for 37 fonts, out of 3000000 for 9000
 28 hyphenation exceptions out of 8191
 53i,10n,92p,963b,523s stack positions out of 5000i,500n,10000p,200000b,50000s

Output written on main.pdf (16 pages).
